Sat, 13 Nov 2010 14:23:19 - pwe.iknow - WARNING - Forfeit error: FreezeCredit matching query does not exist.
Sat, 13 Nov 2010 14:23:19 - pwe.iknow - WARNING - Forfeit error: FreezeCredit matching query does not exist.
Sat, 13 Nov 2010 14:23:22 - pwe.iknow - WARNING - Forfeit error: FreezeCredit matching query does not exist.
Sat, 13 Nov 2010 14:23:22 - pwe.iknow - WARNING - Forfeit error: FreezeCredit matching query does not exist.
Sat, 13 Nov 2010 14:23:22 - pwe.iknow - WARNING - Forfeit error: FreezeCredit matching query does not exist.
Sat, 13 Nov 2010 14:23:22 - pwe.iknow - WARNING - Forfeit error: FreezeCredit matching query does not exist.
Sat, 13 Nov 2010 14:23:22 - pwe.iknow - WARNING - Forfeit error: FreezeCredit matching query does not exist.
Sat, 13 Nov 2010 14:23:22 - pwe.iknow - WARNING - Forfeit error: FreezeCredit matching query does not exist.
Sat, 13 Nov 2010 14:23:22 - pwe.iknow - WARNING - Forfeit error: FreezeCredit matching query does not exist.
Sat, 13 Nov 2010 14:23:22 - pwe.iknow - WARNING - Forfeit error: FreezeCredit matching query does not exist.
Sat, 13 Nov 2010 14:23:22 - pwe.iknow - WARNING - Forfeit error: FreezeCredit matching query does not exist.
Sat, 13 Nov 2010 14:23:22 - pwe.iknow - WARNING - Forfeit error: FreezeCredit matching query does not exist.
Sat, 13 Nov 2010 14:23:23 - pwe.iknow - WARNING - Forfeit error: FreezeCredit matching query does not exist.
Sat, 13 Nov 2010 14:23:23 - pwe.iknow - WARNING - Forfeit error: FreezeCredit matching query does not exist.
Sat, 13 Nov 2010 14:23:23 - pwe.iknow - WARNING - Forfeit error: FreezeCredit matching query does not exist.
Sat, 13 Nov 2010 14:23:23 - pwe.iknow - WARNING - Forfeit error: FreezeCredit matching query does not exist.
Sun, 14 Nov 2010 05:52:30 - pwe.iknow - WARNING - Forfeit error: FreezeCredit matching query does not exist.
Sun, 14 Nov 2010 05:52:30 - pwe.iknow - WARNING - Forfeit error: FreezeCredit matching query does not exist.
Sun, 14 Nov 2010 06:25:15 - pwe.iknow - WARNING - Forfeit error: FreezeCredit matching query does not exist.
Sun, 14 Nov 2010 06:25:15 - pwe.iknow - WARNING - Forfeit error: FreezeCredit matching query does not exist.
Sun, 14 Nov 2010 07:16:20 - pwe.iknow - WARNING - Forfeit error: FreezeCredit matching query does not exist.
Sun, 14 Nov 2010 07:16:20 - pwe.iknow - WARNING - Forfeit error: FreezeCredit matching query does not exist.
Sun, 14 Nov 2010 07:28:09 - pwe.iknow - WARNING - Forfeit error: FreezeCredit matching query does not exist.
Sun, 14 Nov 2010 07:28:09 - pwe.iknow - WARNING - Forfeit error: FreezeCredit matching query does not exist.
Sun, 14 Nov 2010 08:01:20 - pwe.iknow - WARNING - Forfeit error: FreezeCredit matching query does not exist.
Sun, 14 Nov 2010 08:01:20 - pwe.iknow - WARNING - Forfeit error: FreezeCredit matching query does not exist.
Sun, 14 Nov 2010 08:01:20 - pwe.iknow - WARNING - Forfeit error: FreezeCredit matching query does not exist.
Sun, 14 Nov 2010 08:01:20 - pwe.iknow - WARNING - Forfeit error: FreezeCredit matching query does not exist.
Sun, 14 Nov 2010 08:01:20 - pwe.iknow - WARNING - Forfeit error: FreezeCredit matching query does not exist.
Sun, 14 Nov 2010 08:01:20 - pwe.iknow - WARNING - Forfeit error: FreezeCredit matching query does not exist.
Sun, 14 Nov 2010 08:01:20 - pwe.iknow - WARNING - Forfeit error: FreezeCredit matching query does not exist.
Sun, 14 Nov 2010 08:01:20 - pwe.iknow - WARNING - Forfeit error: FreezeCredit matching query does not exist.
Sun, 14 Nov 2010 08:01:20 - pwe.iknow - WARNING - Forfeit error: FreezeCredit matching query does not exist.
Sun, 14 Nov 2010 08:01:20 - pwe.iknow - WARNING - Forfeit error: FreezeCredit matching query does not exist.
Sun, 14 Nov 2010 08:01:20 - pwe.iknow - WARNING - Forfeit error: FreezeCredit matching query does not exist.
Sun, 14 Nov 2010 08:01:20 - pwe.iknow - WARNING - Forfeit error: FreezeCredit matching query does not exist.
Sun, 14 Nov 2010 08:01:20 - pwe.iknow - WARNING - Forfeit error: FreezeCredit matching query does not exist.
Sun, 14 Nov 2010 08:01:20 - pwe.iknow - WARNING - Forfeit error: FreezeCredit matching query does not exist.
Sun, 14 Nov 2010 08:01:20 - pwe.iknow - WARNING - Forfeit error: FreezeCredit matching query does not exist.
Sun, 14 Nov 2010 08:01:20 - pwe.iknow - WARNING - Forfeit error: FreezeCredit matching query does not exist.
Sun, 14 Nov 2010 08:14:30 - pwe.iknow - WARNING - Forfeit error: FreezeCredit matching query does not exist.
Sun, 14 Nov 2010 08:14:30 - pwe.iknow - WARNING - Forfeit error: FreezeCredit matching query does not exist.
Sun, 14 Nov 2010 10:32:40 - pwe.iknow - WARNING - Forfeit error: FreezeCredit matching query does not exist.
Sun, 14 Nov 2010 10:32:40 - pwe.iknow - WARNING - Forfeit error: FreezeCredit matching query does not exist.
Sun, 14 Nov 2010 10:32:44 - pwe.iknow - WARNING - Forfeit error: FreezeCredit matching query does not exist.
Sun, 14 Nov 2010 10:32:44 - pwe.iknow - WARNING - Forfeit error: FreezeCredit matching query does not exist.
Sun, 14 Nov 2010 10:32:44 - pwe.iknow - WARNING - Forfeit error: FreezeCredit matching query does not exist.
Sun, 14 Nov 2010 10:32:44 - pwe.iknow - WARNING - Forfeit error: FreezeCredit matching query does not exist.
Sun, 14 Nov 2010 10:32:44 - pwe.iknow - WARNING - Forfeit error: FreezeCredit matching query does not exist.
Sun, 14 Nov 2010 10:32:44 - pwe.iknow - WARNING - Forfeit error: FreezeCredit matching query does not exist.
Sun, 14 Nov 2010 10:32:44 - pwe.iknow - WARNING - Forfeit error: FreezeCredit matching query does not exist.
Sun, 14 Nov 2010 10:32:44 - pwe.iknow - WARNING - Forfeit error: FreezeCredit matching query does not exist.
Sun, 14 Nov 2010 10:32:44 - pwe.iknow - WARNING - Forfeit error: FreezeCredit matching query does not exist.
Sun, 14 Nov 2010 10:32:44 - pwe.iknow - WARNING - Forfeit error: FreezeCredit matching query does not exist.
Sun, 14 Nov 2010 10:32:44 - pwe.iknow - WARNING - Forfeit error: FreezeCredit matching query does not exist.
Sun, 14 Nov 2010 10:32:44 - pwe.iknow - WARNING - Forfeit error: FreezeCredit matching query does not exist.
Sun, 14 Nov 2010 10:32:44 - pwe.iknow - WARNING - Forfeit error: FreezeCredit matching query does not exist.
Sun, 14 Nov 2010 10:32:44 - pwe.iknow - WARNING - Forfeit error: FreezeCredit matching query does not exist.
Sun, 14 Nov 2010 10:47:47 - pwe.iknow - WARNING - Forfeit error: FreezeCredit matching query does not exist.
Sun, 14 Nov 2010 10:47:47 - pwe.iknow - WARNING - Forfeit error: FreezeCredit matching query does not exist.
Sun, 14 Nov 2010 10:47:49 - pwe.iknow - WARNING - Forfeit error: FreezeCredit matching query does not exist.
Sun, 14 Nov 2010 10:47:49 - pwe.iknow - WARNING - Forfeit error: FreezeCredit matching query does not exist.
Sun, 14 Nov 2010 10:47:49 - pwe.iknow - WARNING - Forfeit error: FreezeCredit matching query does not exist.
Sun, 14 Nov 2010 10:47:49 - pwe.iknow - WARNING - Forfeit error: FreezeCredit matching query does not exist.
Sun, 14 Nov 2010 10:47:49 - pwe.iknow - WARNING - Forfeit error: FreezeCredit matching query does not exist.
Sun, 14 Nov 2010 10:47:49 - pwe.iknow - WARNING - Forfeit error: FreezeCredit matching query does not exist.
Sun, 14 Nov 2010 10:47:49 - pwe.iknow - WARNING - Forfeit error: FreezeCredit matching query does not exist.
Sun, 14 Nov 2010 10:47:49 - pwe.iknow - WARNING - Forfeit error: FreezeCredit matching query does not exist.
Sun, 14 Nov 2010 10:47:49 - pwe.iknow - WARNING - Forfeit error: FreezeCredit matching query does not exist.
Sun, 14 Nov 2010 10:47:49 - pwe.iknow - WARNING - Forfeit error: FreezeCredit matching query does not exist.
Sun, 14 Nov 2010 10:47:50 - pwe.iknow - WARNING - Forfeit error: FreezeCredit matching query does not exist.
Sun, 14 Nov 2010 10:47:50 - pwe.iknow - WARNING - Forfeit error: FreezeCredit matching query does not exist.
Sun, 14 Nov 2010 10:47:50 - pwe.iknow - WARNING - Forfeit error: FreezeCredit matching query does not exist.
Sun, 14 Nov 2010 10:47:50 - pwe.iknow - WARNING - Forfeit error: FreezeCredit matching query does not exist.
Sun, 14 Nov 2010 10:53:48 - pwe.iknow - WARNING - Forfeit error: FreezeCredit matching query does not exist.
Sun, 14 Nov 2010 10:53:48 - pwe.iknow - WARNING - Forfeit error: FreezeCredit matching query does not exist.
Sun, 14 Nov 2010 11:00:11 - pwe.iknow - WARNING - Forfeit error: FreezeCredit matching query does not exist.
Sun, 14 Nov 2010 11:00:11 - pwe.iknow - WARNING - Forfeit error: FreezeCredit matching query does not exist.
Sun, 14 Nov 2010 11:00:26 - pwe.iknow - WARNING - Forfeit error: FreezeCredit matching query does not exist.
Sun, 14 Nov 2010 11:00:26 - pwe.iknow - WARNING - Forfeit error: FreezeCredit matching query does not exist.
Sun, 14 Nov 2010 11:02:29 - pwe.iknow - WARNING - Forfeit error: FreezeCredit matching query does not exist.
Sun, 14 Nov 2010 11:02:29 - pwe.iknow - WARNING - Forfeit error: FreezeCredit matching query does not exist.
Sun, 14 Nov 2010 11:02:34 - pwe.iknow - WARNING - Forfeit error: FreezeCredit matching query does not exist.
Sun, 14 Nov 2010 11:02:34 - pwe.iknow - WARNING - Forfeit error: FreezeCredit matching query does not exist.
Sun, 14 Nov 2010 11:09:06 - pwe.iknow - WARNING - Forfeit error: FreezeCredit matching query does not exist.
Sun, 14 Nov 2010 11:09:06 - pwe.iknow - WARNING - Forfeit error: FreezeCredit matching query does not exist.
Sun, 14 Nov 2010 11:09:16 - pwe.iknow - WARNING - Forfeit error: FreezeCredit matching query does not exist.
Sun, 14 Nov 2010 11:09:16 - pwe.iknow - WARNING - Forfeit error: FreezeCredit matching query does not exist.
Sun, 14 Nov 2010 11:10:11 - pwe.iknow - WARNING - Forfeit error: FreezeCredit matching query does not exist.
Sun, 14 Nov 2010 11:10:11 - pwe.iknow - WARNING - Forfeit error: FreezeCredit matching query does not exist.
Sun, 14 Nov 2010 11:10:15 - pwe.iknow - WARNING - Forfeit error: FreezeCredit matching query does not exist.
Sun, 14 Nov 2010 11:10:15 - pwe.iknow - WARNING - Forfeit error: FreezeCredit matching query does not exist.
Sun, 14 Nov 2010 11:10:15 - pwe.iknow - WARNING - Forfeit error: FreezeCredit matching query does not exist.
Sun, 14 Nov 2010 11:10:15 - pwe.iknow - WARNING - Forfeit error: FreezeCredit matching query does not exist.
Sun, 14 Nov 2010 11:10:15 - pwe.iknow - WARNING - Forfeit error: FreezeCredit matching query does not exist.
Sun, 14 Nov 2010 11:10:15 - pwe.iknow - WARNING - Forfeit error: FreezeCredit matching query does not exist.
Sun, 14 Nov 2010 11:10:15 - pwe.iknow - WARNING - Forfeit error: FreezeCredit matching query does not exist.
Sun, 14 Nov 2010 11:10:15 - pwe.iknow - WARNING - Forfeit error: FreezeCredit matching query does not exist.
Sun, 14 Nov 2010 11:10:15 - pwe.iknow - WARNING - Forfeit error: FreezeCredit matching query does not exist.
Sun, 14 Nov 2010 11:10:15 - pwe.iknow - WARNING - Forfeit error: FreezeCredit matching query does not exist.
Sun, 14 Nov 2010 11:10:15 - pwe.iknow - WARNING - Forfeit error: FreezeCredit matching query does not exist.
Sun, 14 Nov 2010 11:10:15 - pwe.iknow - WARNING - Forfeit error: FreezeCredit matching query does not exist.
Sun, 14 Nov 2010 11:10:15 - pwe.iknow - WARNING - Forfeit error: FreezeCredit matching query does not exist.
Sun, 14 Nov 2010 11:10:15 - pwe.iknow - WARNING - Forfeit error: FreezeCredit matching query does not exist.
Sun, 14 Nov 2010 11:20:46 - pwe.iknow - WARNING - Forfeit error: FreezeCredit matching query does not exist.
Sun, 14 Nov 2010 11:20:46 - pwe.iknow - WARNING - Forfeit error: FreezeCredit matching query does not exist.
Sun, 14 Nov 2010 11:20:51 - pwe.iknow - WARNING - Forfeit error: FreezeCredit matching query does not exist.
Sun, 14 Nov 2010 11:20:51 - pwe.iknow - WARNING - Forfeit error: FreezeCredit matching query does not exist.
Sun, 14 Nov 2010 11:21:59 - pwe.iknow - WARNING - Forfeit error: FreezeCredit matching query does not exist.
Sun, 14 Nov 2010 11:21:59 - pwe.iknow - WARNING - Forfeit error: FreezeCredit matching query does not exist.
Sun, 14 Nov 2010 11:24:32 - pwe.iknow - WARNING - Forfeit error: FreezeCredit matching query does not exist.
Sun, 14 Nov 2010 11:24:32 - pwe.iknow - WARNING - Forfeit error: FreezeCredit matching query does not exist.
Sun, 14 Nov 2010 11:27:00 - pwe.iknow - WARNING - Forfeit error: FreezeCredit matching query does not exist.
Sun, 14 Nov 2010 11:27:00 - pwe.iknow - WARNING - Forfeit error: FreezeCredit matching query does not exist.
Sun, 14 Nov 2010 11:31:12 - pwe.iknow - WARNING - Forfeit error: FreezeCredit matching query does not exist.
Sun, 14 Nov 2010 11:31:12 - pwe.iknow - WARNING - Forfeit error: FreezeCredit matching query does not exist.
Sun, 14 Nov 2010 11:33:15 - pwe.iknow - WARNING - Forfeit error: FreezeCredit matching query does not exist.
Sun, 14 Nov 2010 11:33:15 - pwe.iknow - WARNING - Forfeit error: FreezeCredit matching query does not exist.
Sun, 14 Nov 2010 11:33:15 - pwe.iknow - WARNING - Forfeit error: FreezeCredit matching query does not exist.
Sun, 14 Nov 2010 11:33:15 - pwe.iknow - WARNING - Forfeit error: FreezeCredit matching query does not exist.
Sun, 14 Nov 2010 11:33:15 - pwe.iknow - WARNING - Forfeit error: FreezeCredit matching query does not exist.
Sun, 14 Nov 2010 11:33:15 - pwe.iknow - WARNING - Forfeit error: FreezeCredit matching query does not exist.
Sun, 14 Nov 2010 11:33:15 - pwe.iknow - WARNING - Forfeit error: FreezeCredit matching query does not exist.
Sun, 14 Nov 2010 11:33:15 - pwe.iknow - WARNING - Forfeit error: FreezeCredit matching query does not exist.
Sun, 14 Nov 2010 11:33:15 - pwe.iknow - WARNING - Forfeit error: FreezeCredit matching query does not exist.
Sun, 14 Nov 2010 11:33:15 - pwe.iknow - WARNING - Forfeit error: FreezeCredit matching query does not exist.
Sun, 14 Nov 2010 11:33:15 - pwe.iknow - WARNING - Forfeit error: FreezeCredit matching query does not exist.
Sun, 14 Nov 2010 11:33:15 - pwe.iknow - WARNING - Forfeit error: FreezeCredit matching query does not exist.
Sun, 14 Nov 2010 11:33:15 - pwe.iknow - WARNING - Forfeit error: FreezeCredit matching query does not exist.
Sun, 14 Nov 2010 11:33:15 - pwe.iknow - WARNING - Forfeit error: FreezeCredit matching query does not exist.
Sun, 14 Nov 2010 11:33:15 - pwe.iknow - WARNING - Forfeit error: FreezeCredit matching query does not exist.
Sun, 14 Nov 2010 11:33:15 - pwe.iknow - WARNING - Forfeit error: FreezeCredit matching query does not exist.
Tue, 16 Nov 2010 04:25:44 - pwe.iknow - WARNING - Forfeit error: FreezeCredit matching query does not exist.
Tue, 16 Nov 2010 04:25:44 - pwe.iknow - WARNING - Forfeit error: FreezeCredit matching query does not exist.
Tue, 16 Nov 2010 04:25:44 - pwe.iknow - WARNING - Forfeit error: FreezeCredit matching query does not exist.
Tue, 16 Nov 2010 04:25:44 - pwe.iknow - WARNING - Forfeit error: FreezeCredit matching query does not exist.
Tue, 16 Nov 2010 04:25:44 - pwe.iknow - WARNING - Forfeit error: FreezeCredit matching query does not exist.
Tue, 16 Nov 2010 04:25:44 - pwe.iknow - WARNING - Forfeit error: FreezeCredit matching query does not exist.
Tue, 16 Nov 2010 04:25:44 - pwe.iknow - WARNING - Forfeit error: FreezeCredit matching query does not exist.
Tue, 16 Nov 2010 04:25:44 - pwe.iknow - WARNING - Forfeit error: FreezeCredit matching query does not exist.
Tue, 16 Nov 2010 04:25:44 - pwe.iknow - WARNING - Forfeit error: FreezeCredit matching query does not exist.
Tue, 16 Nov 2010 04:25:44 - pwe.iknow - WARNING - Forfeit error: FreezeCredit matching query does not exist.
Tue, 16 Nov 2010 04:25:44 - pwe.iknow - WARNING - Forfeit error: FreezeCredit matching query does not exist.
Tue, 16 Nov 2010 04:25:44 - pwe.iknow - WARNING - Forfeit error: FreezeCredit matching query does not exist.
Tue, 16 Nov 2010 04:25:44 - pwe.iknow - WARNING - Forfeit error: FreezeCredit matching query does not exist.
Tue, 16 Nov 2010 04:25:44 - pwe.iknow - WARNING - Forfeit error: FreezeCredit matching query does not exist.
Tue, 16 Nov 2010 04:25:44 - pwe.iknow - WARNING - Forfeit error: FreezeCredit matching query does not exist.
Tue, 16 Nov 2010 04:25:44 - pwe.iknow - WARNING - Forfeit error: FreezeCredit matching query does not exist.
Tue, 16 Nov 2010 04:33:35 - pwe.iknow - WARNING - Forfeit error: FreezeCredit matching query does not exist.
Tue, 16 Nov 2010 04:33:35 - pwe.iknow - WARNING - Forfeit error: FreezeCredit matching query does not exist.
Tue, 16 Nov 2010 04:33:35 - pwe.iknow - WARNING - Forfeit error: FreezeCredit matching query does not exist.
Tue, 16 Nov 2010 04:33:35 - pwe.iknow - WARNING - Forfeit error: FreezeCredit matching query does not exist.
Tue, 16 Nov 2010 04:33:35 - pwe.iknow - WARNING - Forfeit error: FreezeCredit matching query does not exist.
Tue, 16 Nov 2010 04:33:35 - pwe.iknow - WARNING - Forfeit error: FreezeCredit matching query does not exist.
Tue, 16 Nov 2010 04:33:35 - pwe.iknow - WARNING - Forfeit error: FreezeCredit matching query does not exist.
Tue, 16 Nov 2010 04:33:35 - pwe.iknow - WARNING - Forfeit error: FreezeCredit matching query does not exist.
Tue, 16 Nov 2010 04:33:35 - pwe.iknow - WARNING - Forfeit error: FreezeCredit matching query does not exist.
Tue, 16 Nov 2010 04:33:35 - pwe.iknow - WARNING - Forfeit error: FreezeCredit matching query does not exist.
Tue, 16 Nov 2010 04:33:35 - pwe.iknow - WARNING - Forfeit error: FreezeCredit matching query does not exist.
Tue, 16 Nov 2010 04:33:35 - pwe.iknow - WARNING - Forfeit error: FreezeCredit matching query does not exist.
Tue, 16 Nov 2010 04:33:35 - pwe.iknow - WARNING - Forfeit error: FreezeCredit matching query does not exist.
Tue, 16 Nov 2010 04:33:35 - pwe.iknow - WARNING - Forfeit error: FreezeCredit matching query does not exist.
Tue, 16 Nov 2010 04:33:35 - pwe.iknow - WARNING - Forfeit error: FreezeCredit matching query does not exist.
Tue, 16 Nov 2010 04:33:35 - pwe.iknow - WARNING - Forfeit error: FreezeCredit matching query does not exist.
Tue, 16 Nov 2010 06:22:30 - pwe.iknow - WARNING - Forfeit error: FreezeCredit matching query does not exist.
Tue, 16 Nov 2010 06:22:30 - pwe.iknow - WARNING - Forfeit error: FreezeCredit matching query does not exist.
Tue, 16 Nov 2010 06:23:30 - pwe.dashboard - DEBUG - QuestionTag matching query does not exist.
Tue, 16 Nov 2010 06:23:30 - pwe.dashboard - DEBUG - QuestionTag matching query does not exist.
Tue, 16 Nov 2010 06:23:32 - pwe.dashboard - DEBUG - QuestionTag matching query does not exist.
Tue, 16 Nov 2010 06:23:32 - pwe.dashboard - DEBUG - QuestionTag matching query does not exist.
Tue, 16 Nov 2010 06:33:44 - pwe.iknow - WARNING - Forfeit error: FreezeCredit matching query does not exist.
Tue, 16 Nov 2010 06:33:44 - pwe.iknow - WARNING - Forfeit error: FreezeCredit matching query does not exist.
Tue, 16 Nov 2010 06:33:44 - pwe.iknow - WARNING - Forfeit error: FreezeCredit matching query does not exist.
Tue, 16 Nov 2010 06:33:44 - pwe.iknow - WARNING - Forfeit error: FreezeCredit matching query does not exist.
Tue, 16 Nov 2010 06:33:44 - pwe.iknow - WARNING - Forfeit error: FreezeCredit matching query does not exist.
Tue, 16 Nov 2010 06:33:44 - pwe.iknow - WARNING - Forfeit error: FreezeCredit matching query does not exist.
Tue, 16 Nov 2010 06:33:44 - pwe.iknow - WARNING - Forfeit error: FreezeCredit matching query does not exist.
Tue, 16 Nov 2010 06:33:44 - pwe.iknow - WARNING - Forfeit error: FreezeCredit matching query does not exist.
Tue, 16 Nov 2010 06:33:44 - pwe.iknow - WARNING - Forfeit error: FreezeCredit matching query does not exist.
Tue, 16 Nov 2010 06:33:44 - pwe.iknow - WARNING - Forfeit error: FreezeCredit matching query does not exist.
Tue, 16 Nov 2010 06:33:44 - pwe.iknow - WARNING - Forfeit error: FreezeCredit matching query does not exist.
Tue, 16 Nov 2010 06:33:44 - pwe.iknow - WARNING - Forfeit error: FreezeCredit matching query does not exist.
Tue, 16 Nov 2010 06:33:44 - pwe.iknow - WARNING - Forfeit error: FreezeCredit matching query does not exist.
Tue, 16 Nov 2010 06:33:44 - pwe.iknow - WARNING - Forfeit error: FreezeCredit matching query does not exist.
Tue, 16 Nov 2010 06:53:59 - pwe.iknow - WARNING - Forfeit error: FreezeCredit matching query does not exist.
Tue, 16 Nov 2010 06:53:59 - pwe.iknow - WARNING - Forfeit error: FreezeCredit matching query does not exist.
Tue, 16 Nov 2010 06:53:59 - pwe.iknow - WARNING - Forfeit error: FreezeCredit matching query does not exist.
Tue, 16 Nov 2010 06:53:59 - pwe.iknow - WARNING - Forfeit error: FreezeCredit matching query does not exist.
Tue, 16 Nov 2010 06:53:59 - pwe.iknow - WARNING - Forfeit error: FreezeCredit matching query does not exist.
Tue, 16 Nov 2010 06:53:59 - pwe.iknow - WARNING - Forfeit error: FreezeCredit matching query does not exist.
Tue, 16 Nov 2010 06:53:59 - pwe.iknow - WARNING - Forfeit error: FreezeCredit matching query does not exist.
Tue, 16 Nov 2010 06:53:59 - pwe.iknow - WARNING - Forfeit error: FreezeCredit matching query does not exist.
Tue, 16 Nov 2010 06:53:59 - pwe.iknow - WARNING - Forfeit error: FreezeCredit matching query does not exist.
Tue, 16 Nov 2010 06:53:59 - pwe.iknow - WARNING - Forfeit error: FreezeCredit matching query does not exist.
Tue, 16 Nov 2010 06:53:59 - pwe.iknow - WARNING - Forfeit error: FreezeCredit matching query does not exist.
Tue, 16 Nov 2010 06:53:59 - pwe.iknow - WARNING - Forfeit error: FreezeCredit matching query does not exist.
Tue, 16 Nov 2010 06:53:59 - pwe.iknow - WARNING - Forfeit error: FreezeCredit matching query does not exist.
Tue, 16 Nov 2010 06:53:59 - pwe.iknow - WARNING - Forfeit error: FreezeCredit matching query does not exist.
Tue, 16 Nov 2010 06:53:59 - pwe.iknow - WARNING - Forfeit error: FreezeCredit matching query does not exist.
Tue, 16 Nov 2010 06:53:59 - pwe.iknow - WARNING - Forfeit error: FreezeCredit matching query does not exist.
Tue, 16 Nov 2010 09:26:18 - pwe.iknow - WARNING - Forfeit error: FreezeCredit matching query does not exist.
Tue, 16 Nov 2010 09:26:18 - pwe.iknow - WARNING - Forfeit error: FreezeCredit matching query does not exist.
Tue, 16 Nov 2010 09:26:22 - pwe.iknow - WARNING - Forfeit error: FreezeCredit matching query does not exist.
Tue, 16 Nov 2010 09:26:22 - pwe.iknow - WARNING - Forfeit error: FreezeCredit matching query does not exist.
Tue, 16 Nov 2010 09:26:22 - pwe.iknow - WARNING - Forfeit error: FreezeCredit matching query does not exist.
Tue, 16 Nov 2010 09:26:22 - pwe.iknow - WARNING - Forfeit error: FreezeCredit matching query does not exist.
Tue, 16 Nov 2010 09:26:22 - pwe.iknow - WARNING - Forfeit error: FreezeCredit matching query does not exist.
Tue, 16 Nov 2010 09:26:22 - pwe.iknow - WARNING - Forfeit error: FreezeCredit matching query does not exist.
Tue, 16 Nov 2010 09:26:22 - pwe.iknow - WARNING - Forfeit error: FreezeCredit matching query does not exist.
Tue, 16 Nov 2010 09:26:22 - pwe.iknow - WARNING - Forfeit error: FreezeCredit matching query does not exist.
Tue, 16 Nov 2010 09:26:22 - pwe.iknow - WARNING - Forfeit error: FreezeCredit matching query does not exist.
Tue, 16 Nov 2010 09:26:22 - pwe.iknow - WARNING - Forfeit error: FreezeCredit matching query does not exist.
Tue, 16 Nov 2010 09:26:22 - pwe.iknow - WARNING - Forfeit error: FreezeCredit matching query does not exist.
Tue, 16 Nov 2010 09:26:22 - pwe.iknow - WARNING - Forfeit error: FreezeCredit matching query does not exist.
Tue, 16 Nov 2010 09:26:22 - pwe.iknow - WARNING - Forfeit error: FreezeCredit matching query does not exist.
Tue, 16 Nov 2010 09:26:22 - pwe.iknow - WARNING - Forfeit error: FreezeCredit matching query does not exist.
Tue, 16 Nov 2010 11:31:13 - pwe.iknow - WARNING - Forfeit error: FreezeCredit matching query does not exist.
Tue, 16 Nov 2010 11:31:13 - pwe.iknow - WARNING - Forfeit error: FreezeCredit matching query does not exist.
Tue, 16 Nov 2010 11:31:17 - pwe.iknow - WARNING - Forfeit error: FreezeCredit matching query does not exist.
Tue, 16 Nov 2010 11:31:17 - pwe.iknow - WARNING - Forfeit error: FreezeCredit matching query does not exist.
Tue, 16 Nov 2010 11:31:17 - pwe.iknow - WARNING - Forfeit error: FreezeCredit matching query does not exist.
Tue, 16 Nov 2010 11:31:17 - pwe.iknow - WARNING - Forfeit error: FreezeCredit matching query does not exist.
Tue, 16 Nov 2010 11:31:17 - pwe.iknow - WARNING - Forfeit error: FreezeCredit matching query does not exist.
Tue, 16 Nov 2010 11:31:17 - pwe.iknow - WARNING - Forfeit error: FreezeCredit matching query does not exist.
Tue, 16 Nov 2010 11:31:17 - pwe.iknow - WARNING - Forfeit error: FreezeCredit matching query does not exist.
Tue, 16 Nov 2010 11:31:17 - pwe.iknow - WARNING - Forfeit error: FreezeCredit matching query does not exist.
Tue, 16 Nov 2010 11:31:17 - pwe.iknow - WARNING - Forfeit error: FreezeCredit matching query does not exist.
Tue, 16 Nov 2010 11:31:17 - pwe.iknow - WARNING - Forfeit error: FreezeCredit matching query does not exist.
Tue, 16 Nov 2010 11:31:17 - pwe.iknow - WARNING - Forfeit error: FreezeCredit matching query does not exist.
Tue, 16 Nov 2010 11:31:17 - pwe.iknow - WARNING - Forfeit error: FreezeCredit matching query does not exist.
Tue, 16 Nov 2010 11:31:18 - pwe.iknow - WARNING - Forfeit error: FreezeCredit matching query does not exist.
Tue, 16 Nov 2010 11:31:18 - pwe.iknow - WARNING - Forfeit error: FreezeCredit matching query does not exist.
Tue, 16 Nov 2010 12:14:49 - pwe.iknow - WARNING - Forfeit error: FreezeCredit matching query does not exist.
Tue, 16 Nov 2010 12:14:49 - pwe.iknow - WARNING - Forfeit error: FreezeCredit matching query does not exist.
Tue, 16 Nov 2010 12:14:49 - pwe.iknow - WARNING - Forfeit error: FreezeCredit matching query does not exist.
Tue, 16 Nov 2010 12:14:49 - pwe.iknow - WARNING - Forfeit error: FreezeCredit matching query does not exist.
Tue, 16 Nov 2010 12:14:49 - pwe.iknow - WARNING - Forfeit error: FreezeCredit matching query does not exist.
Tue, 16 Nov 2010 12:14:49 - pwe.iknow - WARNING - Forfeit error: FreezeCredit matching query does not exist.
Tue, 16 Nov 2010 12:14:49 - pwe.iknow - WARNING - Forfeit error: FreezeCredit matching query does not exist.
Tue, 16 Nov 2010 12:14:49 - pwe.iknow - WARNING - Forfeit error: FreezeCredit matching query does not exist.
Tue, 16 Nov 2010 12:14:49 - pwe.iknow - WARNING - Forfeit error: FreezeCredit matching query does not exist.
Tue, 16 Nov 2010 12:14:49 - pwe.iknow - WARNING - Forfeit error: FreezeCredit matching query does not exist.
Tue, 16 Nov 2010 12:14:49 - pwe.iknow - WARNING - Forfeit error: FreezeCredit matching query does not exist.
Tue, 16 Nov 2010 12:14:49 - pwe.iknow - WARNING - Forfeit error: FreezeCredit matching query does not exist.
Tue, 16 Nov 2010 12:14:49 - pwe.iknow - WARNING - Forfeit error: FreezeCredit matching query does not exist.
Tue, 16 Nov 2010 12:14:49 - pwe.iknow - WARNING - Forfeit error: FreezeCredit matching query does not exist.
Tue, 16 Nov 2010 12:14:49 - pwe.iknow - WARNING - Forfeit error: FreezeCredit matching query does not exist.
Tue, 16 Nov 2010 12:14:49 - pwe.iknow - WARNING - Forfeit error: FreezeCredit matching query does not exist.
Tue, 16 Nov 2010 13:37:22 - pwe.iknow - WARNING - Forfeit error: FreezeCredit matching query does not exist.
Tue, 16 Nov 2010 13:37:22 - pwe.iknow - WARNING - Forfeit error: FreezeCredit matching query does not exist.
Tue, 16 Nov 2010 13:37:22 - pwe.iknow - WARNING - Forfeit error: FreezeCredit matching query does not exist.
Tue, 16 Nov 2010 13:37:22 - pwe.iknow - WARNING - Forfeit error: FreezeCredit matching query does not exist.
Tue, 16 Nov 2010 13:37:22 - pwe.iknow - WARNING - Forfeit error: FreezeCredit matching query does not exist.
Tue, 16 Nov 2010 13:37:22 - pwe.iknow - WARNING - Forfeit error: FreezeCredit matching query does not exist.
Tue, 16 Nov 2010 13:37:22 - pwe.iknow - WARNING - Forfeit error: FreezeCredit matching query does not exist.
Tue, 16 Nov 2010 13:37:22 - pwe.iknow - WARNING - Forfeit error: FreezeCredit matching query does not exist.
Tue, 16 Nov 2010 13:37:22 - pwe.iknow - WARNING - Forfeit error: FreezeCredit matching query does not exist.
Tue, 16 Nov 2010 13:37:22 - pwe.iknow - WARNING - Forfeit error: FreezeCredit matching query does not exist.
Tue, 16 Nov 2010 13:37:22 - pwe.iknow - WARNING - Forfeit error: FreezeCredit matching query does not exist.
Tue, 16 Nov 2010 13:37:22 - pwe.iknow - WARNING - Forfeit error: FreezeCredit matching query does not exist.
Tue, 16 Nov 2010 13:37:22 - pwe.iknow - WARNING - Forfeit error: FreezeCredit matching query does not exist.
Tue, 16 Nov 2010 13:37:22 - pwe.iknow - WARNING - Forfeit error: FreezeCredit matching query does not exist.
Tue, 16 Nov 2010 13:37:22 - pwe.iknow - WARNING - Forfeit error: FreezeCredit matching query does not exist.
Tue, 16 Nov 2010 13:37:22 - pwe.iknow - WARNING - Forfeit error: FreezeCredit matching query does not exist.
Thu, 18 Nov 2010 13:02:23 - pwe.iknow - WARNING - Forfeit error: FreezeCredit matching query does not exist.
Thu, 18 Nov 2010 13:02:23 - pwe.iknow - WARNING - Forfeit error: FreezeCredit matching query does not exist.
Thu, 18 Nov 2010 13:02:26 - pwe.iknow - WARNING - Forfeit error: FreezeCredit matching query does not exist.
Thu, 18 Nov 2010 13:02:26 - pwe.iknow - WARNING - Forfeit error: FreezeCredit matching query does not exist.
Thu, 18 Nov 2010 13:02:26 - pwe.iknow - WARNING - Forfeit error: FreezeCredit matching query does not exist.
Thu, 18 Nov 2010 13:02:26 - pwe.iknow - WARNING - Forfeit error: FreezeCredit matching query does not exist.
Thu, 18 Nov 2010 13:02:26 - pwe.iknow - WARNING - Forfeit error: FreezeCredit matching query does not exist.
Thu, 18 Nov 2010 13:02:26 - pwe.iknow - WARNING - Forfeit error: FreezeCredit matching query does not exist.
Thu, 18 Nov 2010 13:02:26 - pwe.iknow - WARNING - Forfeit error: FreezeCredit matching query does not exist.
Thu, 18 Nov 2010 13:02:26 - pwe.iknow - WARNING - Forfeit error: FreezeCredit matching query does not exist.
Thu, 18 Nov 2010 13:02:26 - pwe.iknow - WARNING - Forfeit error: FreezeCredit matching query does not exist.
Thu, 18 Nov 2010 13:02:26 - pwe.iknow - WARNING - Forfeit error: FreezeCredit matching query does not exist.
Thu, 18 Nov 2010 13:02:26 - pwe.iknow - WARNING - Forfeit error: FreezeCredit matching query does not exist.
Thu, 18 Nov 2010 13:02:26 - pwe.iknow - WARNING - Forfeit error: FreezeCredit matching query does not exist.
Thu, 18 Nov 2010 13:02:26 - pwe.iknow - WARNING - Forfeit error: FreezeCredit matching query does not exist.
Thu, 18 Nov 2010 13:02:26 - pwe.iknow - WARNING - Forfeit error: FreezeCredit matching query does not exist.
Sat, 20 Nov 2010 22:08:25 - pwe.iknow - WARNING - Forfeit error: FreezeCredit matching query does not exist.
Sat, 20 Nov 2010 22:08:25 - pwe.iknow - WARNING - Forfeit error: FreezeCredit matching query does not exist.
Sat, 20 Nov 2010 22:08:29 - pwe.iknow - WARNING - Forfeit error: FreezeCredit matching query does not exist.
Sat, 20 Nov 2010 22:08:29 - pwe.iknow - WARNING - Forfeit error: FreezeCredit matching query does not exist.
Sat, 20 Nov 2010 22:08:29 - pwe.iknow - WARNING - Forfeit error: FreezeCredit matching query does not exist.
Sat, 20 Nov 2010 22:08:29 - pwe.iknow - WARNING - Forfeit error: FreezeCredit matching query does not exist.
Sat, 20 Nov 2010 22:08:29 - pwe.iknow - WARNING - Forfeit error: FreezeCredit matching query does not exist.
Sat, 20 Nov 2010 22:08:29 - pwe.iknow - WARNING - Forfeit error: FreezeCredit matching query does not exist.
Sat, 20 Nov 2010 22:08:29 - pwe.iknow - WARNING - Forfeit error: FreezeCredit matching query does not exist.
Sat, 20 Nov 2010 22:08:29 - pwe.iknow - WARNING - Forfeit error: FreezeCredit matching query does not exist.
Sat, 20 Nov 2010 22:08:29 - pwe.iknow - WARNING - Forfeit error: FreezeCredit matching query does not exist.
Sat, 20 Nov 2010 22:08:29 - pwe.iknow - WARNING - Forfeit error: FreezeCredit matching query does not exist.
Sat, 20 Nov 2010 22:08:29 - pwe.iknow - WARNING - Forfeit error: FreezeCredit matching query does not exist.
Sat, 20 Nov 2010 22:08:29 - pwe.iknow - WARNING - Forfeit error: FreezeCredit matching query does not exist.
Sat, 20 Nov 2010 22:08:29 - pwe.iknow - WARNING - Forfeit error: FreezeCredit matching query does not exist.
Sat, 20 Nov 2010 22:08:29 - pwe.iknow - WARNING - Forfeit error: FreezeCredit matching query does not exist.
Sat, 20 Nov 2010 23:06:37 - pwe.iknow - WARNING - Forfeit error: FreezeCredit matching query does not exist.
Sat, 20 Nov 2010 23:06:37 - pwe.iknow - WARNING - Forfeit error: FreezeCredit matching query does not exist.
Sat, 20 Nov 2010 23:06:37 - pwe.iknow - WARNING - Forfeit error: FreezeCredit matching query does not exist.
Sat, 20 Nov 2010 23:06:37 - pwe.iknow - WARNING - Forfeit error: FreezeCredit matching query does not exist.
Sat, 20 Nov 2010 23:06:38 - pwe.iknow - WARNING - Forfeit error: FreezeCredit matching query does not exist.
Sat, 20 Nov 2010 23:06:38 - pwe.iknow - WARNING - Forfeit error: FreezeCredit matching query does not exist.
Sat, 20 Nov 2010 23:06:38 - pwe.iknow - WARNING - Forfeit error: FreezeCredit matching query does not exist.
Sat, 20 Nov 2010 23:06:38 - pwe.iknow - WARNING - Forfeit error: FreezeCredit matching query does not exist.
Sat, 20 Nov 2010 23:06:38 - pwe.iknow - WARNING - Forfeit error: FreezeCredit matching query does not exist.
Sat, 20 Nov 2010 23:06:38 - pwe.iknow - WARNING - Forfeit error: FreezeCredit matching query does not exist.
Sat, 20 Nov 2010 23:06:38 - pwe.iknow - WARNING - Forfeit error: FreezeCredit matching query does not exist.
Sat, 20 Nov 2010 23:06:38 - pwe.iknow - WARNING - Forfeit error: FreezeCredit matching query does not exist.
Sat, 20 Nov 2010 23:06:38 - pwe.iknow - WARNING - Forfeit error: FreezeCredit matching query does not exist.
Sat, 20 Nov 2010 23:06:38 - pwe.iknow - WARNING - Forfeit error: FreezeCredit matching query does not exist.
Sat, 20 Nov 2010 23:06:38 - pwe.iknow - WARNING - Forfeit error: FreezeCredit matching query does not exist.
Sat, 20 Nov 2010 23:06:38 - pwe.iknow - WARNING - Forfeit error: FreezeCredit matching query does not exist.
Sun, 21 Nov 2010 00:10:19 - pwe.iknow - WARNING - Forfeit error: FreezeCredit matching query does not exist.
Sun, 21 Nov 2010 00:10:19 - pwe.iknow - WARNING - Forfeit error: FreezeCredit matching query does not exist.
Sun, 21 Nov 2010 00:10:23 - pwe.iknow - WARNING - Forfeit error: FreezeCredit matching query does not exist.
Sun, 21 Nov 2010 00:10:23 - pwe.iknow - WARNING - Forfeit error: FreezeCredit matching query does not exist.
Sun, 21 Nov 2010 00:10:23 - pwe.iknow - WARNING - Forfeit error: FreezeCredit matching query does not exist.
Sun, 21 Nov 2010 00:10:23 - pwe.iknow - WARNING - Forfeit error: FreezeCredit matching query does not exist.
Sun, 21 Nov 2010 00:10:23 - pwe.iknow - WARNING - Forfeit error: FreezeCredit matching query does not exist.
Sun, 21 Nov 2010 00:10:23 - pwe.iknow - WARNING - Forfeit error: FreezeCredit matching query does not exist.
Sun, 21 Nov 2010 00:10:23 - pwe.iknow - WARNING - Forfeit error: FreezeCredit matching query does not exist.
Sun, 21 Nov 2010 00:10:23 - pwe.iknow - WARNING - Forfeit error: FreezeCredit matching query does not exist.
Sun, 21 Nov 2010 00:10:23 - pwe.iknow - WARNING - Forfeit error: FreezeCredit matching query does not exist.
Sun, 21 Nov 2010 00:10:23 - pwe.iknow - WARNING - Forfeit error: FreezeCredit matching query does not exist.
Sun, 21 Nov 2010 00:10:23 - pwe.iknow - WARNING - Forfeit error: FreezeCredit matching query does not exist.
Sun, 21 Nov 2010 00:10:23 - pwe.iknow - WARNING - Forfeit error: FreezeCredit matching query does not exist.
Sun, 21 Nov 2010 00:10:23 - pwe.iknow - WARNING - Forfeit error: FreezeCredit matching query does not exist.
Sun, 21 Nov 2010 00:10:23 - pwe.iknow - WARNING - Forfeit error: FreezeCredit matching query does not exist.
Sat, 27 Nov 2010 01:44:26 - pwe.iknow - WARNING - Forfeit error: FreezeCredit matching query does not exist.
Sat, 27 Nov 2010 01:44:26 - pwe.iknow - WARNING - Forfeit error: FreezeCredit matching query does not exist.
Sat, 27 Nov 2010 01:44:30 - pwe.iknow - WARNING - Forfeit error: FreezeCredit matching query does not exist.
Sat, 27 Nov 2010 01:44:30 - pwe.iknow - WARNING - Forfeit error: FreezeCredit matching query does not exist.
Sat, 27 Nov 2010 01:44:30 - pwe.iknow - WARNING - Forfeit error: FreezeCredit matching query does not exist.
Sat, 27 Nov 2010 01:44:30 - pwe.iknow - WARNING - Forfeit error: FreezeCredit matching query does not exist.
Sat, 27 Nov 2010 01:44:30 - pwe.iknow - WARNING - Forfeit error: FreezeCredit matching query does not exist.
Sat, 27 Nov 2010 01:44:30 - pwe.iknow - WARNING - Forfeit error: FreezeCredit matching query does not exist.
Sat, 27 Nov 2010 01:44:30 - pwe.iknow - WARNING - Forfeit error: FreezeCredit matching query does not exist.
Sat, 27 Nov 2010 01:44:30 - pwe.iknow - WARNING - Forfeit error: FreezeCredit matching query does not exist.
Sat, 27 Nov 2010 01:44:30 - pwe.iknow - WARNING - Forfeit error: FreezeCredit matching query does not exist.
Sat, 27 Nov 2010 01:44:30 - pwe.iknow - WARNING - Forfeit error: FreezeCredit matching query does not exist.
Sat, 27 Nov 2010 01:44:30 - pwe.iknow - WARNING - Forfeit error: FreezeCredit matching query does not exist.
Sat, 27 Nov 2010 01:44:30 - pwe.iknow - WARNING - Forfeit error: FreezeCredit matching query does not exist.
Sat, 27 Nov 2010 01:44:30 - pwe.iknow - WARNING - Forfeit error: FreezeCredit matching query does not exist.
Sat, 27 Nov 2010 01:44:30 - pwe.iknow - WARNING - Forfeit error: FreezeCredit matching query does not exist.
Sat, 27 Nov 2010 02:06:22 - pwe.iknow - WARNING - Forfeit error: FreezeCredit matching query does not exist.
Sat, 27 Nov 2010 02:06:22 - pwe.iknow - WARNING - Forfeit error: FreezeCredit matching query does not exist.
Sat, 27 Nov 2010 02:06:26 - pwe.iknow - WARNING - Forfeit error: FreezeCredit matching query does not exist.
Sat, 27 Nov 2010 02:06:26 - pwe.iknow - WARNING - Forfeit error: FreezeCredit matching query does not exist.
Sat, 27 Nov 2010 02:06:26 - pwe.iknow - WARNING - Forfeit error: FreezeCredit matching query does not exist.
Sat, 27 Nov 2010 02:06:26 - pwe.iknow - WARNING - Forfeit error: FreezeCredit matching query does not exist.
Sat, 27 Nov 2010 02:06:26 - pwe.iknow - WARNING - Forfeit error: FreezeCredit matching query does not exist.
Sat, 27 Nov 2010 02:06:26 - pwe.iknow - WARNING - Forfeit error: FreezeCredit matching query does not exist.
Sat, 27 Nov 2010 02:06:26 - pwe.iknow - WARNING - Forfeit error: FreezeCredit matching query does not exist.
Sat, 27 Nov 2010 02:06:26 - pwe.iknow - WARNING - Forfeit error: FreezeCredit matching query does not exist.
Sat, 27 Nov 2010 02:06:26 - pwe.iknow - WARNING - Forfeit error: FreezeCredit matching query does not exist.
Sat, 27 Nov 2010 02:06:26 - pwe.iknow - WARNING - Forfeit error: FreezeCredit matching query does not exist.
Sat, 27 Nov 2010 02:06:26 - pwe.iknow - WARNING - Forfeit error: FreezeCredit matching query does not exist.
Sat, 27 Nov 2010 02:06:26 - pwe.iknow - WARNING - Forfeit error: FreezeCredit matching query does not exist.
Sat, 27 Nov 2010 02:06:26 - pwe.iknow - WARNING - Forfeit error: FreezeCredit matching query does not exist.
Sat, 27 Nov 2010 02:06:26 - pwe.iknow - WARNING - Forfeit error: FreezeCredit matching query does not exist.
Sat, 27 Nov 2010 03:42:12 - pwe.iknow - WARNING - Forfeit error: FreezeCredit matching query does not exist.
Sat, 27 Nov 2010 03:42:12 - pwe.iknow - WARNING - Forfeit error: FreezeCredit matching query does not exist.
Sat, 27 Nov 2010 03:42:16 - pwe.iknow - WARNING - Forfeit error: FreezeCredit matching query does not exist.
Sat, 27 Nov 2010 03:42:16 - pwe.iknow - WARNING - Forfeit error: FreezeCredit matching query does not exist.
Sat, 27 Nov 2010 03:42:16 - pwe.iknow - WARNING - Forfeit error: FreezeCredit matching query does not exist.
Sat, 27 Nov 2010 03:42:16 - pwe.iknow - WARNING - Forfeit error: FreezeCredit matching query does not exist.
Sat, 27 Nov 2010 03:42:16 - pwe.iknow - WARNING - Forfeit error: FreezeCredit matching query does not exist.
Sat, 27 Nov 2010 03:42:16 - pwe.iknow - WARNING - Forfeit error: FreezeCredit matching query does not exist.
Sat, 27 Nov 2010 03:42:16 - pwe.iknow - WARNING - Forfeit error: FreezeCredit matching query does not exist.
Sat, 27 Nov 2010 03:42:16 - pwe.iknow - WARNING - Forfeit error: FreezeCredit matching query does not exist.
Sat, 27 Nov 2010 03:42:16 - pwe.iknow - WARNING - Forfeit error: FreezeCredit matching query does not exist.
Sat, 27 Nov 2010 03:42:16 - pwe.iknow - WARNING - Forfeit error: FreezeCredit matching query does not exist.
Sat, 27 Nov 2010 03:42:16 - pwe.iknow - WARNING - Forfeit error: FreezeCredit matching query does not exist.
Sat, 27 Nov 2010 03:42:16 - pwe.iknow - WARNING - Forfeit error: FreezeCredit matching query does not exist.
Sat, 27 Nov 2010 03:42:16 - pwe.iknow - WARNING - Forfeit error: FreezeCredit matching query does not exist.
Sat, 27 Nov 2010 03:42:16 - pwe.iknow - WARNING - Forfeit error: FreezeCredit matching query does not exist.
Sat, 27 Nov 2010 04:26:59 - pwe.iknow - WARNING - Forfeit error: FreezeCredit matching query does not exist.
Sat, 27 Nov 2010 04:26:59 - pwe.iknow - WARNING - Forfeit error: FreezeCredit matching query does not exist.
Sat, 27 Nov 2010 05:04:09 - pwe.iknow - WARNING - Forfeit error: FreezeCredit matching query does not exist.
Sat, 27 Nov 2010 05:04:09 - pwe.iknow - WARNING - Forfeit error: FreezeCredit matching query does not exist.
Sat, 27 Nov 2010 05:04:10 - pwe.iknow - WARNING - Forfeit error: FreezeCredit matching query does not exist.
Sat, 27 Nov 2010 05:04:10 - pwe.iknow - WARNING - Forfeit error: FreezeCredit matching query does not exist.
Sat, 27 Nov 2010 05:04:10 - pwe.iknow - WARNING - Forfeit error: FreezeCredit matching query does not exist.
Sat, 27 Nov 2010 05:04:10 - pwe.iknow - WARNING - Forfeit error: FreezeCredit matching query does not exist.
Sat, 27 Nov 2010 05:04:10 - pwe.iknow - WARNING - Forfeit error: FreezeCredit matching query does not exist.
Sat, 27 Nov 2010 05:04:10 - pwe.iknow - WARNING - Forfeit error: FreezeCredit matching query does not exist.
Sat, 27 Nov 2010 05:04:10 - pwe.iknow - WARNING - Forfeit error: FreezeCredit matching query does not exist.
Sat, 27 Nov 2010 05:04:10 - pwe.iknow - WARNING - Forfeit error: FreezeCredit matching query does not exist.
Sat, 27 Nov 2010 05:04:10 - pwe.iknow - WARNING - Forfeit error: FreezeCredit matching query does not exist.
Sat, 27 Nov 2010 05:04:10 - pwe.iknow - WARNING - Forfeit error: FreezeCredit matching query does not exist.
Sat, 27 Nov 2010 05:04:10 - pwe.iknow - WARNING - Forfeit error: FreezeCredit matching query does not exist.
Sat, 27 Nov 2010 05:04:10 - pwe.iknow - WARNING - Forfeit error: FreezeCredit matching query does not exist.
Sat, 27 Nov 2010 05:04:10 - pwe.iknow - WARNING - Forfeit error: FreezeCredit matching query does not exist.
Sat, 27 Nov 2010 05:04:10 - pwe.iknow - WARNING - Forfeit error: FreezeCredit matching query does not exist.
Sat, 27 Nov 2010 05:04:12 - pwe.iknow - WARNING - Forfeit error: FreezeCredit matching query does not exist.
Sat, 27 Nov 2010 05:04:12 - pwe.iknow - WARNING - Forfeit error: FreezeCredit matching query does not exist.
Sat, 27 Nov 2010 05:10:44 - pwe.iknow - WARNING - Forfeit error: FreezeCredit matching query does not exist.
Sat, 27 Nov 2010 05:10:44 - pwe.iknow - WARNING - Forfeit error: FreezeCredit matching query does not exist.
Sat, 27 Nov 2010 05:10:45 - pwe.iknow - WARNING - Forfeit error: FreezeCredit matching query does not exist.
Sat, 27 Nov 2010 05:10:45 - pwe.iknow - WARNING - Forfeit error: FreezeCredit matching query does not exist.
Sat, 27 Nov 2010 05:10:45 - pwe.iknow - WARNING - Forfeit error: FreezeCredit matching query does not exist.
Sat, 27 Nov 2010 05:10:45 - pwe.iknow - WARNING - Forfeit error: FreezeCredit matching query does not exist.
Sat, 27 Nov 2010 05:10:45 - pwe.iknow - WARNING - Forfeit error: FreezeCredit matching query does not exist.
Sat, 27 Nov 2010 05:10:45 - pwe.iknow - WARNING - Forfeit error: FreezeCredit matching query does not exist.
Sat, 27 Nov 2010 05:10:45 - pwe.iknow - WARNING - Forfeit error: FreezeCredit matching query does not exist.
Sat, 27 Nov 2010 05:10:45 - pwe.iknow - WARNING - Forfeit error: FreezeCredit matching query does not exist.
Sat, 27 Nov 2010 05:10:45 - pwe.iknow - WARNING - Forfeit error: FreezeCredit matching query does not exist.
Sat, 27 Nov 2010 05:10:45 - pwe.iknow - WARNING - Forfeit error: FreezeCredit matching query does not exist.
Sat, 27 Nov 2010 05:10:45 - pwe.iknow - WARNING - Forfeit error: FreezeCredit matching query does not exist.
Sat, 27 Nov 2010 05:10:45 - pwe.iknow - WARNING - Forfeit error: FreezeCredit matching query does not exist.
Sat, 27 Nov 2010 05:10:45 - pwe.iknow - WARNING - Forfeit error: FreezeCredit matching query does not exist.
Sat, 27 Nov 2010 05:10:45 - pwe.iknow - WARNING - Forfeit error: FreezeCredit matching query does not exist.
Sat, 27 Nov 2010 05:10:47 - pwe.iknow - WARNING - Forfeit error: FreezeCredit matching query does not exist.
Sat, 27 Nov 2010 05:10:47 - pwe.iknow - WARNING - Forfeit error: FreezeCredit matching query does not exist.
Sat, 27 Nov 2010 06:04:03 - pwe.idesign - INFO - integer division or modulo by zero
Sat, 27 Nov 2010 06:04:03 - pwe.idesign - INFO - integer division or modulo by zero
Sun, 28 Nov 2010 11:28:41 - pwe.dashboard - DEBUG - QuestionTag matching query does not exist.
Sun, 28 Nov 2010 11:28:41 - pwe.dashboard - DEBUG - QuestionTag matching query does not exist.
Sun, 28 Nov 2010 11:28:43 - pwe.dashboard - DEBUG - QuestionTag matching query does not exist.
Sun, 28 Nov 2010 11:28:43 - pwe.dashboard - DEBUG - QuestionTag matching query does not exist.
Mon, 29 Nov 2010 06:59:35 - pwe.iknow - WARNING - Forfeit error: FreezeCredit matching query does not exist.
Mon, 29 Nov 2010 06:59:35 - pwe.iknow - WARNING - Forfeit error: FreezeCredit matching query does not exist.
Mon, 29 Nov 2010 06:59:39 - pwe.iknow - WARNING - Forfeit error: FreezeCredit matching query does not exist.
Mon, 29 Nov 2010 06:59:39 - pwe.iknow - WARNING - Forfeit error: FreezeCredit matching query does not exist.
Mon, 29 Nov 2010 06:59:39 - pwe.iknow - WARNING - Forfeit error: FreezeCredit matching query does not exist.
Mon, 29 Nov 2010 06:59:39 - pwe.iknow - WARNING - Forfeit error: FreezeCredit matching query does not exist.
Mon, 29 Nov 2010 06:59:39 - pwe.iknow - WARNING - Forfeit error: FreezeCredit matching query does not exist.
Mon, 29 Nov 2010 06:59:39 - pwe.iknow - WARNING - Forfeit error: FreezeCredit matching query does not exist.
Mon, 29 Nov 2010 06:59:39 - pwe.iknow - WARNING - Forfeit error: FreezeCredit matching query does not exist.
Mon, 29 Nov 2010 06:59:39 - pwe.iknow - WARNING - Forfeit error: FreezeCredit matching query does not exist.
Mon, 29 Nov 2010 06:59:39 - pwe.iknow - WARNING - Forfeit error: FreezeCredit matching query does not exist.
Mon, 29 Nov 2010 06:59:39 - pwe.iknow - WARNING - Forfeit error: FreezeCredit matching query does not exist.
Mon, 29 Nov 2010 06:59:39 - pwe.iknow - WARNING - Forfeit error: FreezeCredit matching query does not exist.
Mon, 29 Nov 2010 06:59:39 - pwe.iknow - WARNING - Forfeit error: FreezeCredit matching query does not exist.
Mon, 29 Nov 2010 06:59:39 - pwe.iknow - WARNING - Forfeit error: FreezeCredit matching query does not exist.
Mon, 29 Nov 2010 06:59:39 - pwe.iknow - WARNING - Forfeit error: FreezeCredit matching query does not exist.
Fri, 17 Dec 2010 12:34:29 - pwe.iknow - WARNING - Forfeit error: FreezeCredit matching query does not exist.
Fri, 17 Dec 2010 12:34:29 - pwe.iknow - WARNING - Forfeit error: FreezeCredit matching query does not exist.
Fri, 17 Dec 2010 12:34:33 - pwe.iknow - WARNING - Forfeit error: FreezeCredit matching query does not exist.
Fri, 17 Dec 2010 12:34:33 - pwe.iknow - WARNING - Forfeit error: FreezeCredit matching query does not exist.
Fri, 17 Dec 2010 12:34:33 - pwe.iknow - WARNING - Forfeit error: FreezeCredit matching query does not exist.
Fri, 17 Dec 2010 12:34:33 - pwe.iknow - WARNING - Forfeit error: FreezeCredit matching query does not exist.
Fri, 17 Dec 2010 12:34:33 - pwe.iknow - WARNING - Forfeit error: FreezeCredit matching query does not exist.
Fri, 17 Dec 2010 12:34:33 - pwe.iknow - WARNING - Forfeit error: FreezeCredit matching query does not exist.
Fri, 17 Dec 2010 12:34:33 - pwe.iknow - WARNING - Forfeit error: FreezeCredit matching query does not exist.
Fri, 17 Dec 2010 12:34:33 - pwe.iknow - WARNING - Forfeit error: FreezeCredit matching query does not exist.
Fri, 17 Dec 2010 12:34:33 - pwe.iknow - WARNING - Forfeit error: FreezeCredit matching query does not exist.
Fri, 17 Dec 2010 12:34:33 - pwe.iknow - WARNING - Forfeit error: FreezeCredit matching query does not exist.
Fri, 17 Dec 2010 12:34:33 - pwe.iknow - WARNING - Forfeit error: FreezeCredit matching query does not exist.
Fri, 17 Dec 2010 12:34:33 - pwe.iknow - WARNING - Forfeit error: FreezeCredit matching query does not exist.
Fri, 17 Dec 2010 12:34:33 - pwe.iknow - WARNING - Forfeit error: FreezeCredit matching query does not exist.
Fri, 17 Dec 2010 12:34:33 - pwe.iknow - WARNING - Forfeit error: FreezeCredit matching query does not exist.
Wed, 22 Dec 2010 04:03:44 - pwe.idesign - WARNING - invalid literal for int() with base 10: ''
Wed, 22 Dec 2010 04:03:44 - pwe.idesign - WARNING - invalid literal for int() with base 10: ''
Wed, 22 Dec 2010 07:05:53 - pwe.iknow - INFO - Unknown format code 'd' for object of type 'unicode'
Wed, 22 Dec 2010 07:05:53 - pwe.iknow - INFO - Unknown format code 'd' for object of type 'unicode'
Wed, 22 Dec 2010 07:05:58 - pwe.iknow - INFO - Unknown format code 'd' for object of type 'unicode'
Wed, 22 Dec 2010 07:05:58 - pwe.iknow - INFO - Unknown format code 'd' for object of type 'unicode'
Wed, 22 Dec 2010 07:07:07 - pwe.iknow - INFO - Unknown format code 'd' for object of type 'unicode'
Wed, 22 Dec 2010 07:07:07 - pwe.iknow - INFO - Unknown format code 'd' for object of type 'unicode'
Wed, 22 Dec 2010 07:07:33 - pwe.iknow - INFO - Unknown format code 'd' for object of type 'unicode'
Wed, 22 Dec 2010 07:07:33 - pwe.iknow - INFO - Unknown format code 'd' for object of type 'unicode'
Wed, 22 Dec 2010 07:10:48 - pwe.iknow - INFO - Unknown format code 'd' for object of type 'unicode'
Wed, 22 Dec 2010 07:10:48 - pwe.iknow - INFO - Unknown format code 'd' for object of type 'unicode'
Wed, 22 Dec 2010 07:56:28 - pwe.iknow - WARNING - Forfeit error: FreezeCredit matching query does not exist.
Wed, 22 Dec 2010 07:56:28 - pwe.iknow - WARNING - Forfeit error: FreezeCredit matching query does not exist.
Wed, 22 Dec 2010 07:56:29 - pwe.iknow - WARNING - Forfeit error: FreezeCredit matching query does not exist.
Wed, 22 Dec 2010 07:56:29 - pwe.iknow - WARNING - Forfeit error: FreezeCredit matching query does not exist.
Wed, 22 Dec 2010 07:56:29 - pwe.iknow - WARNING - Forfeit error: FreezeCredit matching query does not exist.
Wed, 22 Dec 2010 07:56:29 - pwe.iknow - WARNING - Forfeit error: FreezeCredit matching query does not exist.
Wed, 22 Dec 2010 07:56:29 - pwe.iknow - WARNING - Forfeit error: FreezeCredit matching query does not exist.
Wed, 22 Dec 2010 07:56:29 - pwe.iknow - WARNING - Forfeit error: FreezeCredit matching query does not exist.
Wed, 22 Dec 2010 07:56:29 - pwe.iknow - WARNING - Forfeit error: FreezeCredit matching query does not exist.
Wed, 22 Dec 2010 07:56:29 - pwe.iknow - WARNING - Forfeit error: FreezeCredit matching query does not exist.
Wed, 22 Dec 2010 07:56:29 - pwe.iknow - WARNING - Forfeit error: FreezeCredit matching query does not exist.
Wed, 22 Dec 2010 07:56:29 - pwe.iknow - WARNING - Forfeit error: FreezeCredit matching query does not exist.
Wed, 22 Dec 2010 07:56:29 - pwe.iknow - WARNING - Forfeit error: FreezeCredit matching query does not exist.
Wed, 22 Dec 2010 07:56:29 - pwe.iknow - WARNING - Forfeit error: FreezeCredit matching query does not exist.
Wed, 22 Dec 2010 07:56:29 - pwe.iknow - WARNING - Forfeit error: FreezeCredit matching query does not exist.
Wed, 22 Dec 2010 07:56:29 - pwe.iknow - WARNING - Forfeit error: FreezeCredit matching query does not exist.
Wed, 22 Dec 2010 08:24:26 - pwe.iknow - WARNING - Forfeit error: FreezeCredit matching query does not exist.
Wed, 22 Dec 2010 08:24:26 - pwe.iknow - WARNING - Forfeit error: FreezeCredit matching query does not exist.
Wed, 22 Dec 2010 08:24:27 - pwe.iknow - WARNING - Forfeit error: FreezeCredit matching query does not exist.
Wed, 22 Dec 2010 08:24:27 - pwe.iknow - WARNING - Forfeit error: FreezeCredit matching query does not exist.
Wed, 22 Dec 2010 08:24:27 - pwe.iknow - WARNING - Forfeit error: FreezeCredit matching query does not exist.
Wed, 22 Dec 2010 08:24:27 - pwe.iknow - WARNING - Forfeit error: FreezeCredit matching query does not exist.
Wed, 22 Dec 2010 08:24:27 - pwe.iknow - WARNING - Forfeit error: FreezeCredit matching query does not exist.
Wed, 22 Dec 2010 08:24:27 - pwe.iknow - WARNING - Forfeit error: FreezeCredit matching query does not exist.
Wed, 22 Dec 2010 08:24:27 - pwe.iknow - WARNING - Forfeit error: FreezeCredit matching query does not exist.
Wed, 22 Dec 2010 08:24:27 - pwe.iknow - WARNING - Forfeit error: FreezeCredit matching query does not exist.
Wed, 22 Dec 2010 08:24:27 - pwe.iknow - WARNING - Forfeit error: FreezeCredit matching query does not exist.
Wed, 22 Dec 2010 08:24:27 - pwe.iknow - WARNING - Forfeit error: FreezeCredit matching query does not exist.
Wed, 22 Dec 2010 08:24:27 - pwe.iknow - WARNING - Forfeit error: FreezeCredit matching query does not exist.
Wed, 22 Dec 2010 08:24:27 - pwe.iknow - WARNING - Forfeit error: FreezeCredit matching query does not exist.
Wed, 22 Dec 2010 08:24:27 - pwe.iknow - WARNING - Forfeit error: FreezeCredit matching query does not exist.
Wed, 22 Dec 2010 08:24:27 - pwe.iknow - WARNING - Forfeit error: FreezeCredit matching query does not exist.
Wed, 22 Dec 2010 11:53:41 - pwe.iknow - WARNING - Forfeit error: FreezeCredit matching query does not exist.
Wed, 22 Dec 2010 11:53:41 - pwe.iknow - WARNING - Forfeit error: FreezeCredit matching query does not exist.
Wed, 22 Dec 2010 11:53:43 - pwe.iknow - WARNING - Forfeit error: FreezeCredit matching query does not exist.
Wed, 22 Dec 2010 11:53:43 - pwe.iknow - WARNING - Forfeit error: FreezeCredit matching query does not exist.
Wed, 22 Dec 2010 11:53:43 - pwe.iknow - WARNING - Forfeit error: FreezeCredit matching query does not exist.
Wed, 22 Dec 2010 11:53:43 - pwe.iknow - WARNING - Forfeit error: FreezeCredit matching query does not exist.
Wed, 22 Dec 2010 11:53:43 - pwe.iknow - WARNING - Forfeit error: FreezeCredit matching query does not exist.
Wed, 22 Dec 2010 11:53:43 - pwe.iknow - WARNING - Forfeit error: FreezeCredit matching query does not exist.
Wed, 22 Dec 2010 11:53:43 - pwe.iknow - WARNING - Forfeit error: FreezeCredit matching query does not exist.
Wed, 22 Dec 2010 11:53:43 - pwe.iknow - WARNING - Forfeit error: FreezeCredit matching query does not exist.
Wed, 22 Dec 2010 11:53:43 - pwe.iknow - WARNING - Forfeit error: FreezeCredit matching query does not exist.
Wed, 22 Dec 2010 11:53:43 - pwe.iknow - WARNING - Forfeit error: FreezeCredit matching query does not exist.
Wed, 22 Dec 2010 11:53:43 - pwe.iknow - WARNING - Forfeit error: FreezeCredit matching query does not exist.
Wed, 22 Dec 2010 11:53:43 - pwe.iknow - WARNING - Forfeit error: FreezeCredit matching query does not exist.
Wed, 22 Dec 2010 11:53:43 - pwe.iknow - WARNING - Forfeit error: FreezeCredit matching query does not exist.
Wed, 22 Dec 2010 11:53:43 - pwe.iknow - WARNING - Forfeit error: FreezeCredit matching query does not exist.
Wed, 22 Dec 2010 12:34:26 - pwe.iknow - INFO - "Key 'ttype' not found in <QueryDict: {u'comment': [u'Great suggestion!'], u'tip': [u'5'], u'id': [u'1']}>"
Wed, 22 Dec 2010 12:34:26 - pwe.iknow - INFO - "Key 'ttype' not found in <QueryDict: {u'comment': [u'Great suggestion!'], u'tip': [u'5'], u'id': [u'1']}>"
Sun, 26 Dec 2010 10:47:26 - pwe.iknow - WARNING - Forfeit error: FreezeCredit matching query does not exist.
Sun, 26 Dec 2010 10:47:26 - pwe.iknow - WARNING - Forfeit error: FreezeCredit matching query does not exist.
Sun, 26 Dec 2010 10:47:32 - pwe.iknow - WARNING - Forfeit error: FreezeCredit matching query does not exist.
Sun, 26 Dec 2010 10:47:32 - pwe.iknow - WARNING - Forfeit error: FreezeCredit matching query does not exist.
Sun, 26 Dec 2010 10:47:32 - pwe.iknow - WARNING - Forfeit error: FreezeCredit matching query does not exist.
Sun, 26 Dec 2010 10:47:32 - pwe.iknow - WARNING - Forfeit error: FreezeCredit matching query does not exist.
Sun, 26 Dec 2010 10:47:32 - pwe.iknow - WARNING - Forfeit error: FreezeCredit matching query does not exist.
Sun, 26 Dec 2010 10:47:32 - pwe.iknow - WARNING - Forfeit error: FreezeCredit matching query does not exist.
Sun, 26 Dec 2010 10:47:32 - pwe.iknow - WARNING - Forfeit error: FreezeCredit matching query does not exist.
Sun, 26 Dec 2010 10:47:32 - pwe.iknow - WARNING - Forfeit error: FreezeCredit matching query does not exist.
Sun, 26 Dec 2010 10:47:32 - pwe.iknow - WARNING - Forfeit error: FreezeCredit matching query does not exist.
Sun, 26 Dec 2010 10:47:32 - pwe.iknow - WARNING - Forfeit error: FreezeCredit matching query does not exist.
Sun, 26 Dec 2010 10:47:32 - pwe.iknow - WARNING - Forfeit error: FreezeCredit matching query does not exist.
Sun, 26 Dec 2010 10:47:32 - pwe.iknow - WARNING - Forfeit error: FreezeCredit matching query does not exist.
Sun, 26 Dec 2010 10:47:32 - pwe.iknow - WARNING - Forfeit error: FreezeCredit matching query does not exist.
Sun, 26 Dec 2010 10:47:32 - pwe.iknow - WARNING - Forfeit error: FreezeCredit matching query does not exist.
Sun, 26 Dec 2010 11:19:17 - pwe.iknow - WARNING - Forfeit error: FreezeCredit matching query does not exist.
Sun, 26 Dec 2010 11:19:17 - pwe.iknow - WARNING - Forfeit error: FreezeCredit matching query does not exist.
Sun, 26 Dec 2010 11:19:17 - pwe.iknow - WARNING - Forfeit error: FreezeCredit matching query does not exist.
Sun, 26 Dec 2010 11:19:17 - pwe.iknow - WARNING - Forfeit error: FreezeCredit matching query does not exist.
Sun, 26 Dec 2010 11:19:17 - pwe.iknow - WARNING - Forfeit error: FreezeCredit matching query does not exist.
Sun, 26 Dec 2010 11:19:17 - pwe.iknow - WARNING - Forfeit error: FreezeCredit matching query does not exist.
Sun, 26 Dec 2010 11:19:17 - pwe.iknow - WARNING - Forfeit error: FreezeCredit matching query does not exist.
Sun, 26 Dec 2010 11:19:17 - pwe.iknow - WARNING - Forfeit error: FreezeCredit matching query does not exist.
Sun, 26 Dec 2010 11:19:17 - pwe.iknow - WARNING - Forfeit error: FreezeCredit matching query does not exist.
Sun, 26 Dec 2010 11:19:17 - pwe.iknow - WARNING - Forfeit error: FreezeCredit matching query does not exist.
Sun, 26 Dec 2010 11:19:17 - pwe.iknow - WARNING - Forfeit error: FreezeCredit matching query does not exist.
Sun, 26 Dec 2010 11:19:17 - pwe.iknow - WARNING - Forfeit error: FreezeCredit matching query does not exist.
Sun, 26 Dec 2010 11:19:17 - pwe.iknow - WARNING - Forfeit error: FreezeCredit matching query does not exist.
Sun, 26 Dec 2010 11:19:17 - pwe.iknow - WARNING - Forfeit error: FreezeCredit matching query does not exist.
Sun, 26 Dec 2010 11:19:17 - pwe.iknow - WARNING - Forfeit error: FreezeCredit matching query does not exist.
Sun, 26 Dec 2010 11:19:17 - pwe.iknow - WARNING - Forfeit error: FreezeCredit matching query does not exist.
Sun, 26 Dec 2010 17:07:35 - pwe.iknow - WARNING - Forfeit error: FreezeCredit matching query does not exist.
Sun, 26 Dec 2010 17:07:35 - pwe.iknow - WARNING - Forfeit error: FreezeCredit matching query does not exist.
Sun, 26 Dec 2010 17:07:39 - pwe.iknow - WARNING - Forfeit error: FreezeCredit matching query does not exist.
Sun, 26 Dec 2010 17:07:39 - pwe.iknow - WARNING - Forfeit error: FreezeCredit matching query does not exist.
Sun, 26 Dec 2010 17:07:39 - pwe.iknow - WARNING - Forfeit error: FreezeCredit matching query does not exist.
Sun, 26 Dec 2010 17:07:39 - pwe.iknow - WARNING - Forfeit error: FreezeCredit matching query does not exist.
Sun, 26 Dec 2010 17:07:39 - pwe.iknow - WARNING - Forfeit error: FreezeCredit matching query does not exist.
Sun, 26 Dec 2010 17:07:39 - pwe.iknow - WARNING - Forfeit error: FreezeCredit matching query does not exist.
Sun, 26 Dec 2010 17:07:39 - pwe.iknow - WARNING - Forfeit error: FreezeCredit matching query does not exist.
Sun, 26 Dec 2010 17:07:39 - pwe.iknow - WARNING - Forfeit error: FreezeCredit matching query does not exist.
Sun, 26 Dec 2010 17:07:39 - pwe.iknow - WARNING - Forfeit error: FreezeCredit matching query does not exist.
Sun, 26 Dec 2010 17:07:39 - pwe.iknow - WARNING - Forfeit error: FreezeCredit matching query does not exist.
Sun, 26 Dec 2010 17:07:39 - pwe.iknow - WARNING - Forfeit error: FreezeCredit matching query does not exist.
Sun, 26 Dec 2010 17:07:39 - pwe.iknow - WARNING - Forfeit error: FreezeCredit matching query does not exist.
Sun, 26 Dec 2010 17:07:39 - pwe.iknow - WARNING - Forfeit error: FreezeCredit matching query does not exist.
Sun, 26 Dec 2010 17:07:39 - pwe.iknow - WARNING - Forfeit error: FreezeCredit matching query does not exist.
